[2026-03-02 12:00:02.953257] URL: https://dashscope-intl.aliyuncs.com/api/v1/services/aigc/multimodal-generation/generation
[2026-03-02 12:00:02.953279] MASKED_KEY: sk-020...af38
[2026-03-02 12:00:02.953283] HEADERS: {
  "Content-Type": "application/json"
}
[2026-03-02 12:07:10.713484] URL: https://dashscope-intl.aliyuncs.com/api/v1/services/aigc/multimodal-generation/generation
[2026-03-02 12:07:10.713505] MASKED_KEY: sk-020...af38
[2026-03-02 12:07:10.713509] HEADERS: {
  "Content-Type": "application/json"
}
[2026-03-02 16:17:54.794081] URL: https://dashscope.aliyuncs.com/api/v1/services/aigc/multimodal-generation/generation
[2026-03-02 16:17:54.794125] ASYNC: True
[2026-03-02 16:17:54.794142] HEADERS: {
  "Content-Type": "application/json",
  "X-DashScope-Async": "enable"
}
[2026-03-02 16:17:54.827433] URL: https://dashscope.aliyuncs.com/api/v1/services/aigc/multimodal-generation/generation
[2026-03-02 16:17:54.827520] ASYNC: True
[2026-03-02 16:17:54.827536] HEADERS: {
  "Content-Type": "application/json",
  "X-DashScope-Async": "enable"
}
[2026-03-02 16:18:40.234773] URL: https://dashscope.aliyuncs.com/api/v1/services/aigc/multimodal-generation/generation
[2026-03-02 16:18:40.234784] ASYNC: True
[2026-03-02 16:18:40.234788] HEADERS: {
  "Content-Type": "application/json",
  "X-DashScope-Async": "enable"
}
[2026-03-02 16:18:40.244170] URL: https://dashscope.aliyuncs.com/api/v1/services/aigc/multimodal-generation/generation
[2026-03-02 16:18:40.244183] ASYNC: True
[2026-03-02 16:18:40.244188] HEADERS: {
  "Content-Type": "application/json",
  "X-DashScope-Async": "enable"
}
[2026-03-02 17:51:57.444065] URL: https://dashscope.aliyuncs.com/api/v1/services/aigc/multimodal-generation/generation
[2026-03-02 17:51:57.444087] ASYNC: True
[2026-03-02 17:51:57.444094] HEADERS: {
  "Content-Type": "application/json",
  "X-DashScope-Async": "enable"
}
[2026-03-02 17:54:51.580046] URL: https://dashscope-intl.aliyuncs.com/api/v1/services/aigc/multimodal-generation/generation
[2026-03-02 17:54:51.580087] ASYNC: True
[2026-03-02 17:54:51.580101] HEADERS: {
  "Content-Type": "application/json",
  "X-DashScope-Async": "enable"
}
[2026-03-02 17:57:11.421328] URL: https://dashscope-intl.aliyuncs.com/api/v1/services/aigc/multimodal-generation/generation
[2026-03-02 17:57:11.421350] ASYNC: True
[2026-03-02 17:57:11.421355] HEADERS: {
  "Content-Type": "application/json",
  "X-DashScope-Async": "enable"
}
[2026-03-02 18:03:45.343010] URL: https://dashscope-intl.aliyuncs.com/api/v1/services/aigc/multimodal-generation/generation
[2026-03-02 18:03:45.343033] ASYNC: False
[2026-03-02 18:03:45.343041] HEADERS: {
  "Content-Type": "application/json"
}
[2026-03-02 18:17:25.654434] URL: https://dashscope-intl.aliyuncs.com/api/v1/services/aigc/multimodal-generation/generation
[2026-03-02 18:17:25.654456] ASYNC: False
[2026-03-02 18:17:25.654462] HEADERS: {
  "Content-Type": "application/json"
}
[2026-03-02 18:22:14.971743] URL: https://dashscope-intl.aliyuncs.com/api/v1/services/aigc/multimodal-generation/generation
[2026-03-02 18:22:14.971763] ASYNC: False
[2026-03-02 18:22:14.971770] HEADERS: {
  "Content-Type": "application/json"
}
[2026-03-02 18:29:34.351501] URL: https://dashscope-intl.aliyuncs.com/api/v1/services/aigc/multimodal-generation/generation
[2026-03-02 18:29:34.351522] ASYNC: False
[2026-03-02 18:29:34.351528] HEADERS: {
  "Content-Type": "application/json"
}
[2026-03-02 18:33:49.394844] URL: https://dashscope-intl.aliyuncs.com/api/v1/services/aigc/multimodal-generation/generation
[2026-03-02 18:33:49.394862] ASYNC: False
[2026-03-02 18:33:49.394870] HEADERS: {
  "Content-Type": "application/json"
}
[2026-03-02 19:04:17.992354] URL: https://dashscope-intl.aliyuncs.com/api/v1/services/aigc/multimodal-generation/generation
[2026-03-02 19:04:17.992377] ASYNC: False
[2026-03-02 19:04:17.992386] HEADERS: {
  "Content-Type": "application/json"
}
[2026-03-02 19:37:14.980959] URL: https://dashscope-intl.aliyuncs.com/api/v1/services/aigc/multimodal-generation/generation
[2026-03-02 19:37:14.980988] ASYNC: False
[2026-03-02 19:37:14.980996] HEADERS: {
  "Content-Type": "application/json"
}
[2026-03-02 19:46:50.379502] URL: https://dashscope-intl.aliyuncs.com/api/v1/services/aigc/multimodal-generation/generation
[2026-03-02 19:46:50.379532] ASYNC: False
[2026-03-02 19:46:50.379546] HEADERS: {
  "Content-Type": "application/json"
}
[2026-03-02 19:59:20.340069] URL: https://dashscope-intl.aliyuncs.com/api/v1/services/aigc/multimodal-generation/generation
[2026-03-02 19:59:20.340106] ASYNC: False
[2026-03-02 19:59:20.340119] HEADERS: {
  "Content-Type": "application/json"
}
[2026-03-02 20:02:55.451078] URL: https://dashscope-intl.aliyuncs.com/api/v1/services/aigc/multimodal-generation/generation
[2026-03-02 20:02:55.451113] ASYNC: False
[2026-03-02 20:02:55.451125] HEADERS: {
  "Content-Type": "application/json"
}
[2026-03-02 21:12:53.347006] URL: https://dashscope-intl.aliyuncs.com/api/v1/services/aigc/multimodal-generation/generation
[2026-03-02 21:12:53.347018] ASYNC: False
[2026-03-02 21:12:53.347024] HEADERS: {
  "Content-Type": "application/json"
}
[2026-03-02 21:28:03.640203] URL: https://dashscope-intl.aliyuncs.com/api/v1/services/aigc/multimodal-generation/generation
[2026-03-02 21:28:03.640220] ASYNC: False
[2026-03-02 21:28:03.640225] HEADERS: {
  "Content-Type": "application/json"
}
[2026-03-02 21:34:51.742082] URL: https://dashscope-intl.aliyuncs.com/api/v1/services/aigc/multimodal-generation/generation
[2026-03-02 21:34:51.742105] ASYNC: False
[2026-03-02 21:34:51.742114] HEADERS: {
  "Content-Type": "application/json"
}
[2026-03-03 14:41:35.643712] URL: https://dashscope-intl.aliyuncs.com/api/v1/services/aigc/multimodal-generation/generation
[2026-03-03 14:41:35.644060] ASYNC: False
[2026-03-03 14:41:35.644076] HEADERS: {
  "Content-Type": "application/json"
}
[2026-03-03 16:29:03.866028] URL: https://dashscope-intl.aliyuncs.com/api/v1/services/aigc/multimodal-generation/generation
[2026-03-03 16:29:03.866561] ASYNC: False
[2026-03-03 16:29:03.866577] HEADERS: {
  "Content-Type": "application/json"
}
[2026-03-03 16:31:20.642554] URL: https://dashscope-intl.aliyuncs.com/api/v1/services/aigc/multimodal-generation/generation
[2026-03-03 16:31:20.642579] ASYNC: False
[2026-03-03 16:31:20.642587] HEADERS: {
  "Content-Type": "application/json"
}
[2026-03-03 16:38:57.172294] URL: https://dashscope-intl.aliyuncs.com/api/v1/services/aigc/multimodal-generation/generation
[2026-03-03 16:38:57.172325] ASYNC: False
[2026-03-03 16:38:57.172334] HEADERS: {
  "Content-Type": "application/json"
}
[2026-03-03 17:08:41.450698] URL: https://dashscope-intl.aliyuncs.com/api/v1/services/aigc/multimodal-generation/generation
[2026-03-03 17:08:41.450738] ASYNC: False
[2026-03-03 17:08:41.450750] HEADERS: {
  "Content-Type": "application/json"
}
[2026-03-08 20:01:40.857546] URL: https://dashscope-intl.aliyuncs.com/api/v1/services/aigc/multimodal-generation/generation
[2026-03-08 20:01:40.857572] ASYNC: False
[2026-03-08 20:01:40.857580] HEADERS: {
  "Content-Type": "application/json"
}
[2026-03-08 20:01:53.505842] URL: https://dashscope-intl.aliyuncs.com/api/v1/services/aigc/multimodal-generation/generation
[2026-03-08 20:01:53.505863] ASYNC: False
[2026-03-08 20:01:53.505868] HEADERS: {
  "Content-Type": "application/json"
}
[2026-03-08 20:02:07.739423] URL: https://dashscope-intl.aliyuncs.com/api/v1/services/aigc/multimodal-generation/generation
[2026-03-08 20:02:07.739440] ASYNC: False
[2026-03-08 20:02:07.739445] HEADERS: {
  "Content-Type": "application/json"
}
